# JRE version: Java(TM) SE Runtime Environment (8.0_31-b13) (build 1.8.0_31-b13)
# Java VM: Java HotSpot(TM) 64-Bit Server VM (25.31-b07 mixed mode windows-amd64 compressed oops)
Heap:
 PSYoungGen      total 190464K, used 26394K [0x00000000eb380000, 0x00000000f8f00000, 0x0000000100000000)
  eden space 187904K, 14% used [0x00000000eb380000,0x00000000ecd46b20,0x00000000f6b00000)
  from space 2560K, 0% used [0x00000000f7300000,0x00000000f7300000,0x00000000f7580000)
  to   space 18432K, 0% used [0x00000000f7d00000,0x00000000f7d00000,0x00000000f8f00000)
 ParOldGen       total 64000K, used 14472K [0x00000000c1a00000, 0x00000000c5880000, 0x00000000eb380000)
  object space 64000K, 22% used [0x00000000c1a00000,0x00000000c2822040,0x00000000c5880000)
 Metaspace       used 36079K, capacity 36478K, committed 36696K, reserved 1083392K
  class space    used 2540K, capacity 2667K, committed 2688K, reserved 1048576K
GC Heap History (10 events):
Event: 214.353 GC heap before
{Heap before GC invocations=13 (full 2):
 PSYoungGen      total 158208K, used 144384K [0x00000000eb380000, 0x00000000f6480000, 0x0000000100000000)
  eden space 144384K, 100% used [0x00000000eb380000,0x00000000f4080000,0x00000000f4080000)
  from space 13824K, 0% used [0x00000000f5700000,0x00000000f5700000,0x00000000f6480000)
  to   space 18432K, 0% used [0x00000000f4080000,0x00000000f4080000,0x00000000f5280000)
 ParOldGen       total 56832K, used 13657K [0x00000000c1a00000, 0x00000000c5180000, 0x00000000eb380000)
  object space 56832K, 24% used [0x00000000c1a00000,0x00000000c27566b0,0x00000000c5180000)
 Metaspace       used 32230K, capacity 32574K, committed 32768K, reserved 1079296K
  class space    used 2402K, capacity 2504K, committed 2560K, reserved 1048576K
Event: 214.360 GC heap after
Heap after GC invocations=13 (full 2):
 PSYoungGen      total 162816K, used 9719K [0x00000000eb380000, 0x00000000f9980000, 0x0000000100000000)
  eden space 144384K, 0% used [0x00000000eb380000,0x00000000eb380000,0x00000000f4080000)
  from space 18432K, 52% used [0x00000000f4080000,0x00000000f49fdcd8,0x00000000f5280000)
  to   space 17920K, 0% used [0x00000000f8800000,0x00000000f8800000,0x00000000f9980000)
 ParOldGen       total 56832K, used 13665K [0x00000000c1a00000, 0x00000000c5180000, 0x00000000eb380000)
  object space 56832K, 24% used [0x00000000c1a00000,0x00000000c27586b0,0x00000000c5180000)
 Metaspace       used 32230K, capacity 32574K, committed 32768K, reserved 1079296K
  class space    used 2402K, capacity 2504K, committed 2560K, reserved 1048576K
}
Event: 215.841 GC heap before
{Heap before GC invocations=14 (full 2):
 PSYoungGen      total 162816K, used 13147K [0x00000000eb380000, 0x00000000f9980000, 0x0000000100000000)
  eden space 144384K, 2% used [0x00000000eb380000,0x00000000eb6d9068,0x00000000f4080000)
  from space 18432K, 52% used [0x00000000f4080000,0x00000000f49fdcd8,0x00000000f5280000)
  to   space 17920K, 0% used [0x00000000f8800000,0x00000000f8800000,0x00000000f9980000)
 ParOldGen       total 56832K, used 13665K [0x00000000c1a00000, 0x00000000c5180000, 0x00000000eb380000)
  object space 56832K, 24% used [0x00000000c1a00000,0x00000000c27586b0,0x00000000c5180000)
 Metaspace       used 34950K, capacity 35262K, committed 35416K, reserved 1081344K
  class space    used 2530K, capacity 2632K, committed 2688K, reserved 1048576K
Event: 215.846 GC heap after
Heap after GC invocations=14 (full 2):
 PSYoungGen      total 211456K, used 96K [0x00000000eb380000, 0x00000000f9700000, 0x0000000100000000)
  eden space 196096K, 0% used [0x00000000eb380000,0x00000000eb380000,0x00000000f7300000)
  from space 15360K, 0% used [0x00000000f8800000,0x00000000f8818000,0x00000000f9700000)
  to   space 18432K, 0% used [0x00000000f7300000,0x00000000f7300000,0x00000000f8500000)
 ParOldGen       total 56832K, used 22674K [0x00000000c1a00000, 0x00000000c5180000, 0x00000000eb380000)
  object space 56832K, 39% used [0x00000000c1a00000,0x00000000c3024a38,0x00000000c5180000)
 Metaspace       used 34950K, capacity 35262K, committed 35416K, reserved 1081344K
  class space    used 2530K, capacity 2632K, committed 2688K, reserved 1048576K
}
Event: 215.846 GC heap before
{Heap before GC invocations=15 (full 3):
 PSYoungGen      total 211456K, used 96K [0x00000000eb380000, 0x00000000f9700000, 0x0000000100000000)
  eden space 196096K, 0% used [0x00000000eb380000,0x00000000eb380000,0x00000000f7300000)
  from space 15360K, 0% used [0x00000000f8800000,0x00000000f8818000,0x00000000f9700000)
  to   space 18432K, 0% used [0x00000000f7300000,0x00000000f7300000,0x00000000f8500000)
 ParOldGen       total 56832K, used 22674K [0x00000000c1a00000, 0x00000000c5180000, 0x00000000eb380000)
  object space 56832K, 39% used [0x00000000c1a00000,0x00000000c3024a38,0x00000000c5180000)
 Metaspace       used 34950K, capacity 35262K, committed 35416K, reserved 1081344K
  class space    used 2530K, capacity 2632K, committed 2688K, reserved 1048576K
Event: 216.046 GC heap after
Heap after GC invocations=15 (full 3):
 PSYoungGen      total 211456K, used 0K [0x00000000eb380000, 0x00000000f9700000, 0x0000000100000000)
  eden space 196096K, 0% used [0x00000000eb380000,0x00000000eb380000,0x00000000f7300000)
  from space 15360K, 0% used [0x00000000f8800000,0x00000000f8800000,0x00000000f9700000)
  to   space 18432K, 0% used [0x00000000f7300000,0x00000000f7300000,0x00000000f8500000)
 ParOldGen       total 70144K, used 20159K [0x00000000c1a00000, 0x00000000c5e80000, 0x00000000eb380000)
  object space 70144K, 28% used [0x00000000c1a00000,0x00000000c2dafc00,0x00000000c5e80000)
 Metaspace       used 34950K, capacity 35262K, committed 35416K, reserved 1081344K
  class space    used 2530K, capacity 2632K, committed 2688K, reserved 1048576K
}
Event: 363.838 GC heap before
{Heap before GC invocations=16 (full 3):
 PSYoungGen      total 211456K, used 40299K [0x00000000eb380000, 0x00000000f9700000, 0x0000000100000000)
  eden space 196096K, 20% used [0x00000000eb380000,0x00000000edadadb0,0x00000000f7300000)
  from space 15360K, 0% used [0x00000000f8800000,0x00000000f8800000,0x00000000f9700000)
  to   space 18432K, 0% used [0x00000000f7300000,0x00000000f7300000,0x00000000f8500000)
 ParOldGen       total 70144K, used 20159K [0x00000000c1a00000, 0x00000000c5e80000, 0x00000000eb380000)
  object space 70144K, 28% used [0x00000000c1a00000,0x00000000c2dafc00,0x00000000c5e80000)
 Metaspace       used 35513K, capacity 35900K, committed 36184K, reserved 1083392K
  class space    used 2541K, capacity 2669K, committed 2688K, reserved 1048576K
Event: 363.849 GC heap after
Heap after GC invocations=16 (full 3):
 PSYoungGen      total 190464K, used 2459K [0x00000000eb380000, 0x00000000f8f00000, 0x0000000100000000)
  eden space 187904K, 0% used [0x00000000eb380000,0x00000000eb380000,0x00000000f6b00000)
  from space 2560K, 96% used [0x00000000f7300000,0x00000000f7566c10,0x00000000f7580000)
  to   space 18432K, 0% used [0x00000000f7d00000,0x00000000f7d00000,0x00000000f8f00000)
 ParOldGen       total 70144K, used 20167K [0x00000000c1a00000, 0x00000000c5e80000, 0x00000000eb380000)
  object space 70144K, 28% used [0x00000000c1a00000,0x00000000c2db1c00,0x00000000c5e80000)
 Metaspace       used 35513K, capacity 35900K, committed 36184K, reserved 1083392K
  class space    used 2541K, capacity 2669K, committed 2688K, reserved 1048576K
}
Event: 363.849 GC heap before
{Heap before GC invocations=17 (full 4):
 PSYoungGen      total 190464K, used 2459K [0x00000000eb380000, 0x00000000f8f00000, 0x0000000100000000)
  eden space 187904K, 0% used [0x00000000eb380000,0x00000000eb380000,0x00000000f6b00000)
  from space 2560K, 96% used [0x00000000f7300000,0x00000000f7566c10,0x00000000f7580000)
  to   space 18432K, 0% used [0x00000000f7d00000,0x00000000f7d00000,0x00000000f8f00000)
 ParOldGen       total 70144K, used 20167K [0x00000000c1a00000, 0x00000000c5e80000, 0x00000000eb380000)
  object space 70144K, 28% used [0x00000000c1a00000,0x00000000c2db1c00,0x00000000c5e80000)
 Metaspace       used 35513K, capacity 35900K, committed 36184K, reserved 1083392K
  class space    used 2541K, capacity 2669K, committed 2688K, reserved 1048576K
Event: 363.918 GC heap after
Heap after GC invocations=17 (full 4):
 PSYoungGen      total 190464K, used 0K [0x00000000eb380000, 0x00000000f8f00000, 0x0000000100000000)
  eden space 187904K, 0% used [0x00000000eb380000,0x00000000eb380000,0x00000000f6b00000)
  from space 2560K, 0% used [0x00000000f7300000,0x00000000f7300000,0x00000000f7580000)
  to   space 18432K, 0% used [0x00000000f7d00000,0x00000000f7d00000,0x00000000f8f00000)
 ParOldGen       total 64000K, used 14472K [0x00000000c1a00000, 0x00000000c5880000, 0x00000000eb380000)
  object space 64000K, 22% used [0x00000000c1a00000,0x00000000c2822040,0x00000000c5880000)
 Metaspace       used 35510K, capacity 35888K, committed 36184K, reserved 1083392K
  class space    used 2540K, capacity 2667K, committed 2688K, reserved 1048576K
}

