# JRE version: Java(TM) SE Runtime Environment (8.0_25-b18) (build 1.8.0_25-b18)
# Java VM: Java HotSpot(TM) 64-Bit Server VM (25.25-b02 mixed mode windows-amd64 compressed oops)
Heap:
 PSYoungGen      total 26624K, used 10917K [0x00000000eb400000, 0x00000000ee600000, 0x0000000100000000)
  eden space 25600K, 38% used [0x00000000eb400000,0x00000000ebdb0bc0,0x00000000ecd00000)
  from space 1024K, 97% used [0x00000000ed600000,0x00000000ed6f8900,0x00000000ed700000)
  to   space 9216K, 0% used [0x00000000ecd00000,0x00000000ecd00000,0x00000000ed600000)
 ParOldGen       total 44032K, used 15996K [0x00000000c1c00000, 0x00000000c4700000, 0x00000000eb400000)
  object space 44032K, 36% used [0x00000000c1c00000,0x00000000c2b9f208,0x00000000c4700000)
 Metaspace       used 9888K, capacity 10083K, committed 10368K, reserved 1058816K
  class space    used 1010K, capacity 1056K, committed 1152K, reserved 1048576K
GC Heap History (10 events):
Event: 2.494 GC heap before
{Heap before GC invocations=2 (full 0):
 PSYoungGen      total 18944K, used 18507K [0x00000000eb400000, 0x00000000ec900000, 0x0000000100000000)
  eden space 16384K, 97% used [0x00000000eb400000,0x00000000ec3989d0,0x00000000ec400000)
  from space 2560K, 99% used [0x00000000ec400000,0x00000000ec67a4a0,0x00000000ec680000)
  to   space 2560K, 0% used [0x00000000ec680000,0x00000000ec680000,0x00000000ec900000)
 ParOldGen       total 44032K, used 564K [0x00000000c1c00000, 0x00000000c4700000, 0x00000000eb400000)
  object space 44032K, 1% used [0x00000000c1c00000,0x00000000c1c8d2c8,0x00000000c4700000)
 Metaspace       used 9109K, capacity 9277K, committed 9472K, reserved 1058816K
  class space    used 950K, capacity 1023K, committed 1024K, reserved 1048576K
Event: 2.502 GC heap after
Heap after GC invocations=2 (full 0):
 PSYoungGen      total 18944K, used 2530K [0x00000000eb400000, 0x00000000ec900000, 0x0000000100000000)
  eden space 16384K, 0% used [0x00000000eb400000,0x00000000eb400000,0x00000000ec400000)
  from space 2560K, 98% used [0x00000000ec680000,0x00000000ec8f8910,0x00000000ec900000)
  to   space 2560K, 0% used [0x00000000ec400000,0x00000000ec400000,0x00000000ec680000)
 ParOldGen       total 44032K, used 2671K [0x00000000c1c00000, 0x00000000c4700000, 0x00000000eb400000)
  object space 44032K, 6% used [0x00000000c1c00000,0x00000000c1e9bf38,0x00000000c4700000)
 Metaspace       used 9109K, capacity 9277K, committed 9472K, reserved 1058816K
  class space    used 950K, capacity 1023K, committed 1024K, reserved 1048576K
}
Event: 2.848 GC heap before
{Heap before GC invocations=3 (full 0):
 PSYoungGen      total 18944K, used 18914K [0x00000000eb400000, 0x00000000ec900000, 0x0000000100000000)
  eden space 16384K, 100% used [0x00000000eb400000,0x00000000ec400000,0x00000000ec400000)
  from space 2560K, 98% used [0x00000000ec680000,0x00000000ec8f8910,0x00000000ec900000)
  to   space 2560K, 0% used [0x00000000ec400000,0x00000000ec400000,0x00000000ec680000)
 ParOldGen       total 44032K, used 2671K [0x00000000c1c00000, 0x00000000c4700000, 0x00000000eb400000)
  object space 44032K, 6% used [0x00000000c1c00000,0x00000000c1e9bf38,0x00000000c4700000)
 Metaspace       used 9202K, capacity 9341K, committed 9472K, reserved 1058816K
  class space    used 953K, capacity 1023K, committed 1024K, reserved 1048576K
Event: 2.855 GC heap after
Heap after GC invocations=3 (full 0):
 PSYoungGen      total 18944K, used 2552K [0x00000000eb400000, 0x00000000ed900000, 0x0000000100000000)
  eden space 16384K, 0% used [0x00000000eb400000,0x00000000eb400000,0x00000000ec400000)
  from space 2560K, 99% used [0x00000000ec400000,0x00000000ec67e168,0x00000000ec680000)
  to   space 2560K, 0% used [0x00000000ed680000,0x00000000ed680000,0x00000000ed900000)
 ParOldGen       total 44032K, used 6815K [0x00000000c1c00000, 0x00000000c4700000, 0x00000000eb400000)
  object space 44032K, 15% used [0x00000000c1c00000,0x00000000c22a7f78,0x00000000c4700000)
 Metaspace       used 9202K, capacity 9341K, committed 9472K, reserved 1058816K
  class space    used 953K, capacity 1023K, committed 1024K, reserved 1048576K
}
Event: 27.309 GC heap before
{Heap before GC invocations=4 (full 0):
 PSYoungGen      total 18944K, used 18936K [0x00000000eb400000, 0x00000000ed900000, 0x0000000100000000)
  eden space 16384K, 100% used [0x00000000eb400000,0x00000000ec400000,0x00000000ec400000)
  from space 2560K, 99% used [0x00000000ec400000,0x00000000ec67e168,0x00000000ec680000)
  to   space 2560K, 0% used [0x00000000ed680000,0x00000000ed680000,0x00000000ed900000)
 ParOldGen       total 44032K, used 6815K [0x00000000c1c00000, 0x00000000c4700000, 0x00000000eb400000)
  object space 44032K, 15% used [0x00000000c1c00000,0x00000000c22a7f78,0x00000000c4700000)
 Metaspace       used 9535K, capacity 9725K, committed 9728K, reserved 1058816K
  class space    used 972K, capacity 1023K, committed 1024K, reserved 1048576K
Event: 27.312 GC heap after
Heap after GC invocations=4 (full 0):
 PSYoungGen      total 18432K, used 1602K [0x00000000eb400000, 0x00000000ed880000, 0x0000000100000000)
  eden space 16384K, 0% used [0x00000000eb400000,0x00000000eb400000,0x00000000ec400000)
  from space 2048K, 78% used [0x00000000ed680000,0x00000000ed810900,0x00000000ed880000)
  to   space 2560K, 0% used [0x00000000ed380000,0x00000000ed380000,0x00000000ed600000)
 ParOldGen       total 44032K, used 6823K [0x00000000c1c00000, 0x00000000c4700000, 0x00000000eb400000)
  object space 44032K, 15% used [0x00000000c1c00000,0x00000000c22a9f78,0x00000000c4700000)
 Metaspace       used 9535K, capacity 9725K, committed 9728K, reserved 1058816K
  class space    used 972K, capacity 1023K, committed 1024K, reserved 1048576K
}
Event: 28.260 GC heap before
{Heap before GC invocations=5 (full 0):
 PSYoungGen      total 18432K, used 17986K [0x00000000eb400000, 0x00000000ed880000, 0x0000000100000000)
  eden space 16384K, 100% used [0x00000000eb400000,0x00000000ec400000,0x00000000ec400000)
  from space 2048K, 78% used [0x00000000ed680000,0x00000000ed810900,0x00000000ed880000)
  to   space 2560K, 0% used [0x00000000ed380000,0x00000000ed380000,0x00000000ed600000)
 ParOldGen       total 44032K, used 6823K [0x00000000c1c00000, 0x00000000c4700000, 0x00000000eb400000)
  object space 44032K, 15% used [0x00000000c1c00000,0x00000000c22a9f78,0x00000000c4700000)
 Metaspace       used 9757K, capacity 9891K, committed 10112K, reserved 1058816K
  class space    used 995K, capacity 1056K, committed 1152K, reserved 1048576K
Event: 28.266 GC heap after
Heap after GC invocations=5 (full 0):
 PSYoungGen      total 18944K, used 2530K [0x00000000eb400000, 0x00000000ed700000, 0x0000000100000000)
  eden space 16384K, 0% used [0x00000000eb400000,0x00000000eb400000,0x00000000ec400000)
  from space 2560K, 98% used [0x00000000ed380000,0x00000000ed5f8900,0x00000000ed600000)
  to   space 1024K, 0% used [0x00000000ed600000,0x00000000ed600000,0x00000000ed700000)
 ParOldGen       total 44032K, used 9641K [0x00000000c1c00000, 0x00000000c4700000, 0x00000000eb400000)
  object space 44032K, 21% used [0x00000000c1c00000,0x00000000c256a600,0x00000000c4700000)
 Metaspace       used 9757K, capacity 9891K, committed 10112K, reserved 1058816K
  class space    used 995K, capacity 1056K, committed 1152K, reserved 1048576K
}
Event: 28.782 GC heap before
{Heap before GC invocations=6 (full 0):
 PSYoungGen      total 18944K, used 18914K [0x00000000eb400000, 0x00000000ed700000, 0x0000000100000000)
  eden space 16384K, 100% used [0x00000000eb400000,0x00000000ec400000,0x00000000ec400000)
  from space 2560K, 98% used [0x00000000ed380000,0x00000000ed5f8900,0x00000000ed600000)
  to   space 1024K, 0% used [0x00000000ed600000,0x00000000ed600000,0x00000000ed700000)
 ParOldGen       total 44032K, used 9641K [0x00000000c1c00000, 0x00000000c4700000, 0x00000000eb400000)
  object space 44032K, 21% used [0x00000000c1c00000,0x00000000c256a600,0x00000000c4700000)
 Metaspace       used 9767K, capacity 9891K, committed 10112K, reserved 1058816K
  class space    used 995K, capacity 1056K, committed 1152K, reserved 1048576K
Event: 28.793 GC heap after
Heap after GC invocations=6 (full 0):
 PSYoungGen      total 26624K, used 994K [0x00000000eb400000, 0x00000000ee600000, 0x0000000100000000)
  eden space 25600K, 0% used [0x00000000eb400000,0x00000000eb400000,0x00000000ecd00000)
  from space 1024K, 97% used [0x00000000ed600000,0x00000000ed6f8900,0x00000000ed700000)
  to   space 9216K, 0% used [0x00000000ecd00000,0x00000000ecd00000,0x00000000ed600000)
 ParOldGen       total 44032K, used 15996K [0x00000000c1c00000, 0x00000000c4700000, 0x00000000eb400000)
  object space 44032K, 36% used [0x00000000c1c00000,0x00000000c2b9f208,0x00000000c4700000)
 Metaspace       used 9767K, capacity 9891K, committed 10112K, reserved 1058816K
  class space    used 995K, capacity 1056K, committed 1152K, reserved 1048576K
}

